/usr
/bin
/sbin
/Library
/System
/private
/Applications
/opt
/dev
/Volumes
/cores
/Users/babarot/src/github.com/babarot/github-labeler/docs
/Users/babarot/src/github.com/babarot/github-labeler/pkg
/Users/babarot/src/github.com/babarot/enhancd/docs
/Users/Shared
/Users/babarot/src/github.com/redhat-developer
/Users/babarot/src/github.com/babarot/gist/cmd
/Users/babarot/src/github.com/babarot/gist/docs
/Users/babarot/src/github.com/babarot/gist/pkg
/Users/babarot/src/github.com/babarot/vim-ltsv/ftdetect
/Users/babarot/src/github.com/babarot/vim-ltsv/syntax
/Users/babarot/src/github.com/babarot/minimal/modules
/Users/babarot/src/github.com/tmux
/Users/babarot/src/github.com/tmux/tmux/tools
/Users/babarot/src/github.com/tmux/tmux/compat
/Users/babarot/src/github.com/tmux/tmux/regress
/Users/babarot/src/github.com/tmux/tmux/etc
/Users/babarot/src/github.com/tmux/tmux/presentations
/Users/babarot/src/github.com/tmux/tmux/logo
/Users/babarot/src/github.com/tmux/tmux/fuzz
/Users/babarot/src/github.com/babarot/dotfiles/bin
/Users/babarot/src/github.com/babarot/dotfiles/etc
/Users/babarot/src/github.com/babarot/blog/cmd
/Users/babarot/src/github.com/babarot/blog/pkg
/Users/babarot/src/github.com/babarot/tellme.tokyo/cmd
/Users/babarot/src/github.com/babarot/tellme.tokyo/archetypes
/Users/babarot/src/github.com/babarot/tellme.tokyo/resources
/Users/babarot/src/github.com/babarot/tellme.tokyo/content
/Users/babarot/src/github.com/babarot/tellme.tokyo/docs
/Users/babarot/src/github.com/babarot/tellme.tokyo/layouts
/Users/babarot/src/github.com/babarot/tellme.tokyo/static
/Users/babarot/src/github.com/babarot/tellme.tokyo/sass
/Users/babarot/Documents/Adobe
/Users/babarot/Downloads/google-cloud-sdk/bin
/Users/babarot/Downloads/google-cloud-sdk/platform
/Users/babarot/Downloads/google-cloud-sdk/deb
/Users/babarot/Downloads/google-cloud-sdk/lib
/Users/babarot/Downloads/google-cloud-sdk/data
/Users/babarot/Downloads/google-cloud-sdk/rpm
/Users/babarot/src/github.com/babarot/afx/pkg/update
/Users/babarot/src/github.com/babarot/afx/pkg/config
/Users/babarot/src/github.com/babarot/afx/pkg/dependency
/Users/babarot/src/github.com/babarot/afx/pkg/state
/Users/babarot/src/github.com/babarot/afx/pkg/printers
/Users/babarot/src/github.com/babarot/afx/pkg/github
/Users/babarot/src/github.com/babarot/afx/pkg/templates
/Users/babarot/src/github.com/babarot/afx/pkg/errors
/Users/babarot/src/github.com/babarot/afx/pkg/helpers
/Users/babarot/src/github.com/babarot/afx/pkg/logging
/Users/babarot/src/github.com/babarot/afx/cmd
/Users/babarot/src/github.com/babarot/afx/bin
/Users/babarot/src/github.com/babarot/afx/dist
/Users/babarot/src/github.com/babarot/afx/hack
/Users/babarot/src/github.com/babarot/afx/docs
/Users/babarot/src/github.com/babarot/enhancd/functions
/Users/babarot/src/github.com/babarot/action-opa
/Users/babarot/src/github.com/babarot/cursor-x.nvim
/Users/babarot/src/github.com/babarot/easypick.nvim
/Users/babarot/src/github.com/babarot/old
/Users/babarot/src/github.com/babarot/docs
/Users/babarot/src/github.com/babarot/tmux-git-prompt
/Users/babarot/src/github.com/babarot/gomi
/Users/babarot/src/github.com/babarot/tellme.tokyo.old
/Users/babarot/src/github.com/babarot/changed-objects
/
/Users/babarot/Music
/Users/babarot/Pictures
/Users/babarot/Library
/Users/babarot/Public
/Users/babarot/Movies
/Users/babarot/pkg
/Users/babarot/src/github.com/babarot/afx/pkg
/Users/babarot/src/github.com/babarot/afx/pkg/data
/Users/babarot/Downloads/google-cloud-sdk
/Users/babarot/Desktop
/Users/babarot/Documents
/Users/babarot/Downloads
/Users/babarot/src/github.com/babarot/afx/pkg/env
/Users/babarot/src/github.com/babarot/tellme.tokyo
/Users/babarot/src/github.com/babarot/blog
/Users/babarot/src/github.com/tmux/tmux
/Users/babarot/src/github.com/babarot/minimal
/Users/babarot/src/github.com/babarot/vim-ltsv
/Users/babarot/src/github.com/babarot/gist
/Users/babarot/.afx
/Users/babarot/src/github.com/babarot/enhancd/conf.d
/Users/babarot/src/github.com/babarot
/Users
/Users/babarot/src/github.com/babarot/github-labeler
/Users/babarot/src/github.com/babarot/dotfiles
/Users/babarot/src
/Users/babarot/src/github.com/babarot/enhancd/.github
/Users/babarot/src/github.com/babarot/enhancd/src
/Users/babarot/src/github.com
/Users/babarot/src/github.com/babarot/afx
/Users/babarot/src/github.com/babarot/enhancd
/Users/babarot
/Users/babarot/src/github.com/babarot/enhancd/src
